#
# There is insufficient memory for the Java Runtime Environment to continue.
# Native memory allocation (malloc) failed to allocate 1048576 bytes. Error detail: AllocateHeap
# Possible reasons:
#   The system is out of physical RAM or swap space
#   This process is running with CompressedOops enabled, and the Java Heap may be blocking the growth of the native heap
# Possible solutions:
#   Reduce memory load on the system
#   Increase physical memory or swap space
#   Check if swap backing store is full
#   Decrease Java heap size (-Xmx/-Xms)
#   Decrease number of Java threads
#   Decrease Java thread stack sizes (-Xss)
#   Set larger code cache with -XX:ReservedCodeCacheSize=
#   JVM is running with Unscaled Compressed Oops mode in which the Java heap is
#     placed in the first 4GB address space. The Java Heap base address is the
#     maximum limit for the native heap growth. Please use -XX:HeapBaseMinAddress
#     to set the Java Heap base and to place the Java Heap above 4GB virtual address.
# This output file may be truncated or incomplete.
#
#  Out of Memory Error (allocation.cpp:44), pid=13132, tid=4852
#
# JRE version: OpenJDK Runtime Environment Temurin-21.0.8+9 (21.0.8+9) (build 21.0.8+9-LTS)
# Java VM: OpenJDK 64-Bit Server VM Temurin-21.0.8+9 (21.0.8+9-LTS, mixed mode, sharing, tiered, compressed oops, compressed class ptrs, parallel gc, windows-amd64)
# No core dump will be written. Minidumps are not enabled by default on client versions of Windows
#

---------------  S U M M A R Y ------------

Command Line: --add-modules=ALL-SYSTEM --add-opens=java.base/java.util=ALL-UNNAMED --add-opens=java.base/java.lang=ALL-UNNAMED --add-opens=java.base/sun.nio.fs=ALL-UNNAMED -Declipse.application=org.eclipse.jdt.ls.core.id1 -Dosgi.bundles.defaultStartLevel=4 -Declipse.product=org.eclipse.jdt.ls.core.product -Djava.import.generatesMetadataFilesAtProjectRoot=false -DDetectVMInstallationsJob.disabled=true -Dfile.encoding=utf8 -XX:+UseParallelGC -XX:GCTimeRatio=4 -XX:AdaptiveSizePolicyWeight=90 -Dsun.zip.disableMemoryMapping=true -Xmx2G -Xms100m -Xlog:disable -javaagent:c:\Users\rm90928\.vscode\extensions\redhat.java-1.45.0-win32-x64\lombok\lombok-1.18.39-4050.jar -XX:+HeapDumpOnOutOfMemoryError -XX:HeapDumpPath=c:\Users\rm90928\AppData\Roaming\Code\User\workspaceStorage\189ed794e3443152a0ef93d21f05718f\redhat.java -Daether.dependencyCollector.impl=bf c:\Users\rm90928\.vscode\extensions\redhat.java-1.45.0-win32-x64\server\plugins\org.eclipse.equinox.launcher_1.7.0.v20250519-0528.jar -configuration c:\Users\rm90928\AppData\Roaming\Code\User\globalStorage\redhat.java\1.45.0\config_win -data c:\Users\rm90928\AppData\Roaming\Code\User\workspaceStorage\189ed794e3443152a0ef93d21f05718f\redhat.java\jdt_ws --pipe=\\.\pipe\lsp-5d5ef5d60d4bdb115d071c0fc86234b0-sock

Host: Intel(R) Core(TM) i5-7500 CPU @ 3.40GHz, 4 cores, 15G,  Windows 10 , 64 bit Build 19041 (10.0.19041.5915)
Time: Wed Sep 24 22:29:51 2025 Hora oficial do Brasil elapsed time: 802.996964 seconds (0d 0h 13m 22s)

---------------  T H R E A D  ---------------

Current thread (0x000001a0c66545e0):  JavaThread "Attach Listener" daemon [_thread_in_vm, id=4852, stack(0x0000008fc5b00000,0x0000008fc5c00000) (1024K)]

Stack: [0x0000008fc5b00000,0x0000008fc5c00000]
Native frames: (J=compiled Java code, j=interpreted, Vv=VM code, C=native code)
V  [jvm.dll+0x6d2449]
V  [jvm.dll+0x8ae341]
V  [jvm.dll+0x8b08be]
V  [jvm.dll+0x8b0fa3]
V  [jvm.dll+0x280c96]
V  [jvm.dll+0xc0347]
V  [jvm.dll+0x6d2cf9]
V  [jvm.dll+0x131116]
V  [jvm.dll+0x3f2d16]
V  [jvm.dll+0x857e6b]
V  [jvm.dll+0x6d0b0d]
C  [ucrtbase.dll+0x21bb2]
C  [KERNEL32.DLL+0x17374]
C  [ntdll.dll+0x4cc91]


---------------  P R O C E S S  ---------------

Threads class SMR info:
_java_thread_list=0x000001a0e436ba60, length=37, elements={
0x000001a0c6762150, 0x000001a0c664a0a0, 0x000001a0c664b200, 0x000001a0c6651540,
0x000001a0c66545e0, 0x000001a0c6656450, 0x000001a0c66572b0, 0x000001a0c66580e0,
0x000001a0c66c4bd0, 0x000001a0c670e8c0, 0x000001a0e227b270, 0x000001a0e2983a40,
0x000001a0e2be87d0, 0x000001a0e29b5d30, 0x000001a0e2e8dcc0, 0x000001a0e2e8f070,
0x000001a0e2e8d630, 0x000001a0e2e90420, 0x000001a0e2e8e9e0, 0x000001a0e37d7500,
0x000001a0e37dc3c0, 0x000001a0e37d95d0, 0x000001a0e37d7b90, 0x000001a0e37d9c60,
0x000001a0e37da980, 0x000001a0e37d8220, 0x000001a0e37dbd30, 0x000001a0e37dca50,
0x000001a0e37d67e0, 0x000001a0e37dde00, 0x000001a0e37d6e70, 0x000001a0e37d88b0,
0x000001a0e37db010, 0x000001a0e37d8f40, 0x000001a0e2178e50, 0x000001a0e2e8fd90,
0x000001a0e2436eb0
}

Java Threads: ( => current thread )
  0x000001a0c6762150 JavaThread "main"                              [_thread_blocked, id=6948, stack(0x0000008fc5400000,0x0000008fc5500000) (1024K)]
  0x000001a0c664a0a0 JavaThread "Reference Handler"          daemon [_thread_blocked, id=15352, stack(0x0000008fc5800000,0x0000008fc5900000) (1024K)]
  0x000001a0c664b200 JavaThread "Finalizer"                  daemon [_thread_blocked, id=456, stack(0x0000008fc5900000,0x0000008fc5a00000) (1024K)]
  0x000001a0c6651540 JavaThread "Signal Dispatcher"          daemon [_thread_blocked, id=16212, stack(0x0000008fc5a00000,0x0000008fc5b00000) (1024K)]
=>0x000001a0c66545e0 JavaThread "Attach Listener"            daemon [_thread_in_vm, id=4852, stack(0x0000008fc5b00000,0x0000008fc5c00000) (1024K)]
  0x000001a0c6656450 JavaThread "Service Thread"             daemon [_thread_blocked, id=2608, stack(0x0000008fc5c00000,0x0000008fc5d00000) (1024K)]
  0x000001a0c66572b0 JavaThread "Monitor Deflation Thread"   daemon [_thread_blocked, id=6348, stack(0x0000008fc5d00000,0x0000008fc5e00000) (1024K)]
  0x000001a0c66580e0 JavaThread "C2 CompilerThread0"         daemon [_thread_blocked, id=1892, stack(0x0000008fc5e00000,0x0000008fc5f00000) (1024K)]
  0x000001a0c66c4bd0 JavaThread "C1 CompilerThread0"         daemon [_thread_blocked, id=15584, stack(0x0000008fc5f00000,0x0000008fc6000000) (1024K)]
  0x000001a0c670e8c0 JavaThread "Common-Cleaner"             daemon [_thread_blocked, id=12708, stack(0x0000008fc6000000,0x0000008fc6100000) (1024K)]
  0x000001a0e227b270 JavaThread "Notification Thread"        daemon [_thread_blocked, id=11760, stack(0x0000008fc6100000,0x0000008fc6200000) (1024K)]
  0x000001a0e2983a40 JavaThread "Active Thread: Equinox Container: b2b6033d-51bc-45b5-8b00-a6a377089a2a"        [_thread_blocked, id=14744, stack(0x0000008fc6900000,0x0000008fc6a00000) (1024K)]
  0x000001a0e2be87d0 JavaThread "Framework Event Dispatcher: Equinox Container: b2b6033d-51bc-45b5-8b00-a6a377089a2a" daemon [_thread_blocked, id=11364, stack(0x0000008fc6b00000,0x0000008fc6c00000) (1024K)]
  0x000001a0e29b5d30 JavaThread "Start Level: Equinox Container: b2b6033d-51bc-45b5-8b00-a6a377089a2a" daemon [_thread_blocked, id=12132, stack(0x0000008fc6c00000,0x0000008fc6d00000) (1024K)]
  0x000001a0e2e8dcc0 JavaThread "Refresh Thread: Equinox Container: b2b6033d-51bc-45b5-8b00-a6a377089a2a" daemon [_thread_blocked, id=3224, stack(0x0000008fc6d00000,0x0000008fc6e00000) (1024K)]
  0x000001a0e2e8f070 JavaThread "Bundle File Closer"         daemon [_thread_blocked, id=3336, stack(0x0000008fc6e00000,0x0000008fc6f00000) (1024K)]
  0x000001a0e2e8d630 JavaThread "SCR Component Actor"        daemon [_thread_blocked, id=5748, stack(0x0000008fc6a00000,0x0000008fc6b00000) (1024K)]
  0x000001a0e2e90420 JavaThread "Worker-JM"                         [_thread_blocked, id=1220, stack(0x0000008fc7000000,0x0000008fc7100000) (1024K)]
  0x000001a0e2e8e9e0 JavaThread "Java indexing"              daemon [_thread_blocked, id=14900, stack(0x0000008fc7400000,0x0000008fc7500000) (1024K)]
  0x000001a0e37d7500 JavaThread "Worker-2"                          [_thread_blocked, id=15044, stack(0x0000008fc7500000,0x0000008fc7600000) (1024K)]
  0x000001a0e37dc3c0 JavaThread "JNA Cleaner"                daemon [_thread_blocked, id=4336, stack(0x0000008fc6600000,0x0000008fc6700000) (1024K)]
  0x000001a0e37d95d0 JavaThread "Worker-5"                          [_thread_blocked, id=11220, stack(0x0000008fc7300000,0x0000008fc7400000) (1024K)]
  0x000001a0e37d7b90 JavaThread "Thread-2"                   daemon [_thread_in_native, id=3084, stack(0x0000008fc7700000,0x0000008fc7800000) (1024K)]
  0x000001a0e37d9c60 JavaThread "Thread-3"                   daemon [_thread_in_native, id=9808, stack(0x0000008fc7800000,0x0000008fc7900000) (1024K)]
  0x000001a0e37da980 JavaThread "Thread-4"                   daemon [_thread_in_native, id=14896, stack(0x0000008fc7900000,0x0000008fc7a00000) (1024K)]
  0x000001a0e37d8220 JavaThread "Thread-5"                   daemon [_thread_in_native, id=11900, stack(0x0000008fc7a00000,0x0000008fc7b00000) (1024K)]
  0x000001a0e37dbd30 JavaThread "Thread-6"                   daemon [_thread_in_native, id=16700, stack(0x0000008fc7b00000,0x0000008fc7c00000) (1024K)]
  0x000001a0e37dca50 JavaThread "pool-2-thread-1"                   [_thread_blocked, id=17060, stack(0x0000008fc7c00000,0x0000008fc7d00000) (1024K)]
  0x000001a0e37d67e0 JavaThread "WorkspaceEventsHandler"            [_thread_blocked, id=17036, stack(0x0000008fc7e00000,0x0000008fc7f00000) (1024K)]
  0x000001a0e37dde00 JavaThread "pool-1-thread-1"                   [_thread_blocked, id=11904, stack(0x0000008fc7f00000,0x0000008fc8000000) (1024K)]
  0x000001a0e37d6e70 JavaThread "Cleaner-0"                  daemon [_thread_blocked, id=3232, stack(0x0000008fc8b00000,0x0000008fc8c00000) (1024K)]
  0x000001a0e37d88b0 JavaThread "Java Debug Server"          daemon [_thread_in_native, id=17548, stack(0x0000008fc5200000,0x0000008fc5300000) (1024K)]
  0x000001a0e37db010 JavaThread "pool-10-thread-1"                  [_thread_in_native, id=10560, stack(0x0000008fc8a00000,0x0000008fc8b00000) (1024K)]
  0x000001a0e37d8f40 JavaThread "RxSchedulerPurge-1"         daemon [_thread_blocked, id=10304, stack(0x0000008fc8c00000,0x0000008fc8d00000) (1024K)]
  0x000001a0e2178e50 JavaThread "RxCachedWorkerPoolEvictor-1" daemon [_thread_blocked, id=14564, stack(0x0000008fc8d00000,0x0000008fc8e00000) (1024K)]
  0x000001a0e2e8fd90 JavaThread "RxNewThreadScheduler-1"     daemon [_thread_blocked, id=11876, stack(0x0000008fc8e00000,0x0000008fc8f00000) (1024K)]
  0x000001a0e2436eb0 JavaThread "process reaper (pid 17252)" daemon [_thread_in_native, id=15092, stack(0x0000008fc4fd0000,0x0000008fc4ff0000) (128K)]
Total: 37

Other Threads:
  0x000001a0c681cc10 VMThread "VM Thread"                           [id=13152, stack(0x0000008fc5700000,0x0000008fc5800000) (1024K)]
  0x000001a0c67c4b40 WatcherThread "VM Periodic Task Thread"        [id=12156, stack(0x0000008fc5600000,0x0000008fc5700000) (1024K)]
  0x000001a0c67771c0 WorkerThread "GC Thread#0"                     [id=9340, stack(0x0000008fc5500000,0x0000008fc5600000) (1024K)]
  0x000001a0e2560bf0 WorkerThread "GC Thread#1"                     [id=4468, stack(0x0000008fc6300000,0x0000008fc6400000) (1024K)]
  0x000001a0e2292690 WorkerThread "GC Thread#2"                     [id=17964, stack(0x0000008fc6400000,0x0000008fc6500000) (1024K)]
  0x000001a0e24c6060 WorkerThread "GC Thread#3"                     [id=12328, stack(0x0000008fc6500000,0x0000008fc6600000) (1024K)]
Total: 6

Threads with active compile tasks:
Total: 0

VM state: not at safepoint (normal execution)

VM Mutex/Monitor currently owned by a thread: None

Heap address: 0x0000000080000000, size: 2048 MB, Compressed Oops mode: 32-bit

CDS archive(s) mapped at: [0x000001a080000000-0x000001a080ba0000-0x000001a080ba0000), size 12189696, SharedBaseAddress: 0x000001a080000000, ArchiveRelocationMode: 1.
Compressed class space mapped at: 0x000001a081000000-0x000001a0c1000000, reserved size: 1073741824
Narrow klass base: 0x000001a080000000, Narrow klass shift: 0, Narrow klass range: 0x100000000

GC Precious Log:
 CardTable entry size: 512
 CPUs: 4 total, 4 available
 Memory: 16267M
 Large Page Support: Disabled
 NUMA Support: Disabled
 Compressed Oops: Enabled (32-bit)
 Alignments: Space 512K, Generation 512K, Heap 2M
 Heap Min Capacity: 100M
 Heap Initial Capacity: 100M
 Heap Max Capacity: 2G
 Pre-touch: Disabled
 Parallel Workers: 4

Heap:
 PSYoungGen      total 11264K, used 5069K [0x00000000d5580000, 0x00000000d6680000, 0x0000000100000000)
  eden space 10752K, 42% used [0x00000000d5580000,0x00000000d5a024d8,0x00000000d6000000)
  from space 512K, 88% used [0x00000000d6600000,0x00000000d6671210,0x00000000d6680000)
  to   space 512K, 0% used [0x00000000d6580000,0x00000000d6580000,0x00000000d6600000)
 ParOldGen       total 834560K, used 834456K [0x0000000080000000, 0x00000000b2f00000, 0x00000000d5580000)
  object space 834560K, 99% used [0x0000000080000000,0x00000000b2ee60e0,0x00000000b2f00000)
 Metaspace       used 83345K, committed 84992K, reserved 1179648K
  class space    used 8733K, committed 9472K, reserved 1048576K

Card table byte_map: [0x000001a0c6100000,0x000001a0c6510000] _byte_map_base: 0x000001a0c5d00000

Marking Bits: (ParMarkBitMap*) 0x00007ff9cbcca340
 Begin Bits: [0x000001a0d8c00000, 0x000001a0dac00000)
 End Bits:   [0x000001a0dac00000, 0x000001a0dcc00000)

Polling page: 0x000001a0c45b0000

Metaspace:

Usage:
  Non-class:     72.86 MB used.
      Class:      8.53 MB used.
       Both:     81.39 MB used.

Virtual space:
  Non-class space:      128.00 MB reserved,      73.75 MB ( 58%) committed,  2 nodes.
      Class space:        1.00 GB reserved,       9.25 MB ( <1%) committed,  1 nodes.
             Both:        1.12 GB reserved,      83.00 MB (  7%) committed. 

Chunk freelists:
   Non-Class:  6.08 MB
       Class:  6.66 MB
        Both:  12.74 MB

MaxMetaspaceSize: unlimited
CompressedClassSpaceSize: 1.00 GB
Initial GC threshold: 21.00 MB
Current GC threshold: 97.31 MB
CDS: on
 - commit_granule_bytes: 65536.
 - commit_granule_words: 8192.
 - virtual_space_node_default_size: 8388608.
 - enlarge_chunks_in_place: 1.
 - use_allocation_guard: 0.


Internal statistics:

num_allocs_failed_limit: 11.
num_arena_births: 1364.
num_arena_deaths: 14.
num_vsnodes_births: 3.
num_vsnodes_deaths: 0.
num_space_committed: 1328.
num_space_uncommitted: 0.
num_chunks_returned_to_freelist: 25.
num_chunks_taken_from_freelist: 5052.
num_chunk_merges: 9.
num_chunk_splits: 3132.
num_chunks_enlarged: 1886.
num_inconsistent_stats: 0.

CodeHeap 'non-profiled nmethods': size=120000Kb used=15306Kb max_used=15306Kb free=104693Kb
 bounds [0x000001a0d1420000, 0x000001a0d2320000, 0x000001a0d8950000]
CodeHeap 'profiled nmethods': size=120000Kb used=39269Kb max_used=39269Kb free=80730Kb
 bounds [0x000001a0c9950000, 0x000001a0cbfb0000, 0x000001a0d0e80000]
CodeHeap 'non-nmethods': size=5760Kb used=1513Kb max_used=1620Kb free=4246Kb
 bounds [0x000001a0d0e80000, 0x000001a0d10f0000, 0x000001a0d1420000]
CodeCache: size=245760Kb, used=56088Kb, max_used=56195Kb, free=189669Kb
 total_blobs=17011, nmethods=16167, adapters=748, full_count=0
Compilation: enabled, stopped_count=0, restarted_count=0

Compilation events (20 events):
Event: 400.606 Thread 0x000001a0c66c4bd0 17024       3       java.util.concurrent.ThreadPoolExecutor::ensurePrestart (41 bytes)
Event: 400.606 Thread 0x000001a0c66c4bd0 nmethod 17024 0x000001a0cbf9df90 code [0x000001a0cbf9e160, 0x000001a0cbf9e410]
Event: 403.621 Thread 0x000001a0c66c4bd0 17025   !   3       java.util.concurrent.FutureTask::runAndReset (125 bytes)
Event: 403.626 Thread 0x000001a0c66c4bd0 nmethod 17025 0x000001a0cbf9e510 code [0x000001a0cbf9e980, 0x000001a0cbfa0da0]
Event: 403.626 Thread 0x000001a0c66c4bd0 17026       3       java.util.concurrent.ScheduledThreadPoolExecutor$ScheduledFutureTask::setNextRunTime (38 bytes)
Event: 403.627 Thread 0x000001a0c66c4bd0 nmethod 17026 0x000001a0cbfa1910 code [0x000001a0cbfa1ac0, 0x000001a0cbfa1cd0]
Event: 403.627 Thread 0x000001a0c66c4bd0 17027       3       java.util.concurrent.ScheduledThreadPoolExecutor::reExecutePeriodic (49 bytes)
Event: 403.627 Thread 0x000001a0c66c4bd0 nmethod 17027 0x000001a0cbfa1d90 code [0x000001a0cbfa1fc0, 0x000001a0cbfa2640]
Event: 590.633 Thread 0x000001a0c66c4bd0 17028       3       com.google.gson.stream.JsonWriter::value (24 bytes)
Event: 590.636 Thread 0x000001a0c66c4bd0 nmethod 17028 0x000001a0cbfa2890 code [0x000001a0cbfa2a80, 0x000001a0cbfa2e50]
Event: 596.678 Thread 0x000001a0c66c4bd0 17029       3       org.eclipse.core.internal.jobs.JobManager::now (16 bytes)
Event: 596.695 Thread 0x000001a0c66c4bd0 nmethod 17029 0x000001a0cbfa2f90 code [0x000001a0cbfa31a0, 0x000001a0cbfa3708]
Event: 596.695 Thread 0x000001a0c66c4bd0 17031       3       java.util.concurrent.atomic.AtomicLong::updateAndGet (59 bytes)
Event: 596.697 Thread 0x000001a0c66c4bd0 nmethod 17031 0x000001a0cbfa3990 code [0x000001a0cbfa3b80, 0x000001a0cbfa4088]
Event: 596.697 Thread 0x000001a0c66c4bd0 17030       3       org.eclipse.core.internal.jobs.JobManager$$Lambda/0x000001a0811bab38::<init> (10 bytes)
Event: 596.697 Thread 0x000001a0c66c4bd0 nmethod 17030 0x000001a0cbfa4310 code [0x000001a0cbfa44c0, 0x000001a0cbfa4648]
Event: 692.162 Thread 0x000001a0c66c4bd0 17032   !   3       java.util.logging.LogManager::ensureLogManagerInitialized (144 bytes)
Event: 692.176 Thread 0x000001a0c66c4bd0 nmethod 17032 0x000001a0cbfa4710 code [0x000001a0cbfa4a20, 0x000001a0cbfa5b40]
Event: 776.747 Thread 0x000001a0c66c4bd0 17033   !   3       org.eclipse.core.internal.jobs.JobManager::nextJob (291 bytes)
Event: 776.809 Thread 0x000001a0c66c4bd0 nmethod 17033 0x000001a0cbfa6110 code [0x000001a0cbfa65a0, 0x000001a0cbfa86a8]

GC Heap History (20 events):
Event: 101.057 GC heap before
{Heap before GC invocations=1202 (full 3):
 PSYoungGen      total 8704K, used 8320K [0x00000000d5580000, 0x00000000d6400000, 0x0000000100000000)
  eden space 5120K, 100% used [0x00000000d5580000,0x00000000d5a80000,0x00000000d5a80000)
  from space 3584K, 89% used [0x00000000d6080000,0x00000000d63a0000,0x00000000d6400000)
  to   space 4096K, 0% used [0x00000000d5c00000,0x00000000d5c00000,0x00000000d6000000)
 ParOldGen       total 812544K, used 812539K [0x0000000080000000, 0x00000000b1980000, 0x00000000d5580000)
  object space 812544K, 99% used [0x0000000080000000,0x00000000b197ef00,0x00000000b1980000)
 Metaspace       used 79132K, committed 80768K, reserved 1179648K
  class space    used 8191K, committed 8896K, reserved 1048576K
}
Event: 101.064 GC heap after
{Heap after GC invocations=1202 (full 3):
 PSYoungGen      total 9728K, used 3312K [0x00000000d5580000, 0x00000000d6280000, 0x0000000100000000)
  eden space 6144K, 0% used [0x00000000d5580000,0x00000000d5580000,0x00000000d5b80000)
  from space 3584K, 92% used [0x00000000d5c00000,0x00000000d5f3c030,0x00000000d5f80000)
  to   space 3072K, 0% used [0x00000000d5f80000,0x00000000d5f80000,0x00000000d6280000)
 ParOldGen       total 816128K, used 815683K [0x0000000080000000, 0x00000000b1d00000, 0x00000000d5580000)
  object space 816128K, 99% used [0x0000000080000000,0x00000000b1c90f00,0x00000000b1d00000)
 Metaspace       used 79132K, committed 80768K, reserved 1179648K
  class space    used 8191K, committed 8896K, reserved 1048576K
}
Event: 101.137 GC heap before
{Heap before GC invocations=1203 (full 3):
 PSYoungGen      total 9728K, used 9456K [0x00000000d5580000, 0x00000000d6280000, 0x0000000100000000)
  eden space 6144K, 100% used [0x00000000d5580000,0x00000000d5b80000,0x00000000d5b80000)
  from space 3584K, 92% used [0x00000000d5c00000,0x00000000d5f3c030,0x00000000d5f80000)
  to   space 3072K, 0% used [0x00000000d5f80000,0x00000000d5f80000,0x00000000d6280000)
 ParOldGen       total 816128K, used 815683K [0x0000000080000000, 0x00000000b1d00000, 0x00000000d5580000)
  object space 816128K, 99% used [0x0000000080000000,0x00000000b1c90f00,0x00000000b1d00000)
 Metaspace       used 79289K, committed 80896K, reserved 1179648K
  class space    used 8206K, committed 8896K, reserved 1048576K
}
Event: 101.143 GC heap after
{Heap after GC invocations=1203 (full 3):
 PSYoungGen      total 9216K, used 800K [0x00000000d5580000, 0x00000000d6100000, 0x0000000100000000)
  eden space 7680K, 0% used [0x00000000d5580000,0x00000000d5580000,0x00000000d5d00000)
  from space 1536K, 52% used [0x00000000d5f80000,0x00000000d6048000,0x00000000d6100000)
  to   space 2048K, 0% used [0x00000000d5d00000,0x00000000d5d00000,0x00000000d5f00000)
 ParOldGen       total 819200K, used 818883K [0x0000000080000000, 0x00000000b2000000, 0x00000000d5580000)
  object space 819200K, 99% used [0x0000000080000000,0x00000000b1fb0f20,0x00000000b2000000)
 Metaspace       used 79289K, committed 80896K, reserved 1179648K
  class space    used 8206K, committed 8896K, reserved 1048576K
}
Event: 101.157 GC heap before
{Heap before GC invocations=1204 (full 3):
 PSYoungGen      total 9216K, used 8480K [0x00000000d5580000, 0x00000000d6100000, 0x0000000100000000)
  eden space 7680K, 100% used [0x00000000d5580000,0x00000000d5d00000,0x00000000d5d00000)
  from space 1536K, 52% used [0x00000000d5f80000,0x00000000d6048000,0x00000000d6100000)
  to   space 2048K, 0% used [0x00000000d5d00000,0x00000000d5d00000,0x00000000d5f00000)
 ParOldGen       total 819200K, used 818883K [0x0000000080000000, 0x00000000b2000000, 0x00000000d5580000)
  object space 819200K, 99% used [0x0000000080000000,0x00000000b1fb0f20,0x00000000b2000000)
 Metaspace       used 79327K, committed 80960K, reserved 1179648K
  class space    used 8209K, committed 8896K, reserved 1048576K
}
Event: 101.162 GC heap after
{Heap after GC invocations=1204 (full 3):
 PSYoungGen      total 9728K, used 2023K [0x00000000d5580000, 0x00000000d6c80000, 0x0000000100000000)
  eden space 7680K, 0% used [0x00000000d5580000,0x00000000d5580000,0x00000000d5d00000)
  from space 2048K, 98% used [0x00000000d5d00000,0x00000000d5ef9ec0,0x00000000d5f00000)
  to   space 7168K, 0% used [0x00000000d6580000,0x00000000d6580000,0x00000000d6c80000)
 ParOldGen       total 822784K, used 822763K [0x0000000080000000, 0x00000000b2380000, 0x00000000d5580000)
  object space 822784K, 99% used [0x0000000080000000,0x00000000b237af20,0x00000000b2380000)
 Metaspace       used 79327K, committed 80960K, reserved 1179648K
  class space    used 8209K, committed 8896K, reserved 1048576K
}
Event: 101.174 GC heap before
{Heap before GC invocations=1205 (full 3):
 PSYoungGen      total 9728K, used 9703K [0x00000000d5580000, 0x00000000d6c80000, 0x0000000100000000)
  eden space 7680K, 100% used [0x00000000d5580000,0x00000000d5d00000,0x00000000d5d00000)
  from space 2048K, 98% used [0x00000000d5d00000,0x00000000d5ef9ec0,0x00000000d5f00000)
  to   space 7168K, 0% used [0x00000000d6580000,0x00000000d6580000,0x00000000d6c80000)
 ParOldGen       total 822784K, used 822763K [0x0000000080000000, 0x00000000b2380000, 0x00000000d5580000)
  object space 822784K, 99% used [0x0000000080000000,0x00000000b237af20,0x00000000b2380000)
 Metaspace       used 79338K, committed 80960K, reserved 1179648K
  class space    used 8209K, committed 8896K, reserved 1048576K
}
Event: 101.181 GC heap after
{Heap after GC invocations=1205 (full 3):
 PSYoungGen      total 13824K, used 4416K [0x00000000d5580000, 0x00000000d6a00000, 0x0000000100000000)
  eden space 9216K, 0% used [0x00000000d5580000,0x00000000d5580000,0x00000000d5e80000)
  from space 4608K, 95% used [0x00000000d6580000,0x00000000d69d0000,0x00000000d6a00000)
  to   space 5120K, 0% used [0x00000000d6000000,0x00000000d6000000,0x00000000d6500000)
 ParOldGen       total 824832K, used 824813K [0x0000000080000000, 0x00000000b2580000, 0x00000000d5580000)
  object space 824832K, 99% used [0x0000000080000000,0x00000000b257b410,0x00000000b2580000)
 Metaspace       used 79338K, committed 80960K, reserved 1179648K
  class space    used 8209K, committed 8896K, reserved 1048576K
}
Event: 101.224 GC heap before
{Heap before GC invocations=1206 (full 3):
 PSYoungGen      total 13824K, used 13590K [0x00000000d5580000, 0x00000000d6a00000, 0x0000000100000000)
  eden space 9216K, 99% used [0x00000000d5580000,0x00000000d5e75b38,0x00000000d5e80000)
  from space 4608K, 95% used [0x00000000d6580000,0x00000000d69d0000,0x00000000d6a00000)
  to   space 5120K, 0% used [0x00000000d6000000,0x00000000d6000000,0x00000000d6500000)
 ParOldGen       total 824832K, used 824813K [0x0000000080000000, 0x00000000b2580000, 0x00000000d5580000)
  object space 824832K, 99% used [0x0000000080000000,0x00000000b257b410,0x00000000b2580000)
 Metaspace       used 79575K, committed 81216K, reserved 1179648K
  class space    used 8248K, committed 8960K, reserved 1048576K
}
Event: 101.233 GC heap after
{Heap after GC invocations=1206 (full 3):
 PSYoungGen      total 15872K, used 5024K [0x00000000d5580000, 0x00000000d6b80000, 0x0000000100000000)
  eden space 10752K, 0% used [0x00000000d5580000,0x00000000d5580000,0x00000000d6000000)
  from space 5120K, 98% used [0x00000000d6000000,0x00000000d64e8000,0x00000000d6500000)
  to   space 5632K, 0% used [0x00000000d6600000,0x00000000d6600000,0x00000000d6b80000)
 ParOldGen       total 828928K, used 828813K [0x0000000080000000, 0x00000000b2980000, 0x00000000d5580000)
  object space 828928K, 99% used [0x0000000080000000,0x00000000b2963410,0x00000000b2980000)
 Metaspace       used 79575K, committed 81216K, reserved 1179648K
  class space    used 8248K, committed 8960K, reserved 1048576K
}
Event: 102.192 GC heap before
{Heap before GC invocations=1207 (full 3):
 PSYoungGen      total 15872K, used 15776K [0x00000000d5580000, 0x00000000d6b80000, 0x0000000100000000)
  eden space 10752K, 100% used [0x00000000d5580000,0x00000000d6000000,0x00000000d6000000)
  from space 5120K, 98% used [0x00000000d6000000,0x00000000d64e8000,0x00000000d6500000)
  to   space 5632K, 0% used [0x00000000d6600000,0x00000000d6600000,0x00000000d6b80000)
 ParOldGen       total 828928K, used 828813K [0x0000000080000000, 0x00000000b2980000, 0x00000000d5580000)
  object space 828928K, 99% used [0x0000000080000000,0x00000000b2963410,0x00000000b2980000)
 Metaspace       used 80215K, committed 81856K, reserved 1179648K
  class space    used 8314K, committed 9024K, reserved 1048576K
}
Event: 102.198 GC heap after
{Heap after GC invocations=1207 (full 3):
 PSYoungGen      total 11264K, used 352K [0x00000000d5580000, 0x00000000d6680000, 0x0000000100000000)
  eden space 10752K, 0% used [0x00000000d5580000,0x00000000d5580000,0x00000000d6000000)
  from space 512K, 68% used [0x00000000d6600000,0x00000000d6658000,0x00000000d6680000)
  to   space 2560K, 0% used [0x00000000d6180000,0x00000000d6180000,0x00000000d6400000)
 ParOldGen       total 834048K, used 833725K [0x0000000080000000, 0x00000000b2e80000, 0x00000000d5580000)
  object space 834048K, 99% used [0x0000000080000000,0x00000000b2e2f410,0x00000000b2e80000)
 Metaspace       used 80215K, committed 81856K, reserved 1179648K
  class space    used 8314K, committed 9024K, reserved 1048576K
}
Event: 102.460 GC heap before
{Heap before GC invocations=1208 (full 3):
 PSYoungGen      total 11264K, used 11104K [0x00000000d5580000, 0x00000000d6680000, 0x0000000100000000)
  eden space 10752K, 100% used [0x00000000d5580000,0x00000000d6000000,0x00000000d6000000)
  from space 512K, 68% used [0x00000000d6600000,0x00000000d6658000,0x00000000d6680000)
  to   space 2560K, 0% used [0x00000000d6180000,0x00000000d6180000,0x00000000d6400000)
 ParOldGen       total 834048K, used 833725K [0x0000000080000000, 0x00000000b2e80000, 0x00000000d5580000)
  object space 834048K, 99% used [0x0000000080000000,0x00000000b2e2f410,0x00000000b2e80000)
 Metaspace       used 80232K, committed 81856K, reserved 1179648K
  class space    used 8318K, committed 9024K, reserved 1048576K
}
Event: 102.462 GC heap after
{Heap after GC invocations=1208 (full 3):
 PSYoungGen      total 13312K, used 128K [0x00000000d5580000, 0x00000000d6680000, 0x0000000100000000)
  eden space 10752K, 0% used [0x00000000d5580000,0x00000000d5580000,0x00000000d6000000)
  from space 2560K, 5% used [0x00000000d6180000,0x00000000d61a0000,0x00000000d6400000)
  to   space 512K, 0% used [0x00000000d6600000,0x00000000d6600000,0x00000000d6680000)
 ParOldGen       total 834048K, used 833909K [0x0000000080000000, 0x00000000b2e80000, 0x00000000d5580000)
  object space 834048K, 99% used [0x0000000080000000,0x00000000b2e5d420,0x00000000b2e80000)
 Metaspace       used 80232K, committed 81856K, reserved 1179648K
  class space    used 8318K, committed 9024K, reserved 1048576K
}
Event: 102.576 GC heap before
{Heap before GC invocations=1209 (full 3):
 PSYoungGen      total 13312K, used 10869K [0x00000000d5580000, 0x00000000d6680000, 0x0000000100000000)
  eden space 10752K, 99% used [0x00000000d5580000,0x00000000d5ffd738,0x00000000d6000000)
  from space 2560K, 5% used [0x00000000d6180000,0x00000000d61a0000,0x00000000d6400000)
  to   space 512K, 0% used [0x00000000d6600000,0x00000000d6600000,0x00000000d6680000)
 ParOldGen       total 834048K, used 833909K [0x0000000080000000, 0x00000000b2e80000, 0x00000000d5580000)
  object space 834048K, 99% used [0x0000000080000000,0x00000000b2e5d420,0x00000000b2e80000)
 Metaspace       used 81691K, committed 83328K, reserved 1179648K
  class space    used 8476K, committed 9216K, reserved 1048576K
}
Event: 102.577 GC heap after
{Heap after GC invocations=1209 (full 3):
 PSYoungGen      total 11264K, used 413K [0x00000000d5580000, 0x00000000d6680000, 0x0000000100000000)
  eden space 10752K, 0% used [0x00000000d5580000,0x00000000d5580000,0x00000000d6000000)
  from space 512K, 80% used [0x00000000d6600000,0x00000000d6667678,0x00000000d6680000)
  to   space 512K, 0% used [0x00000000d6580000,0x00000000d6580000,0x00000000d6600000)
 ParOldGen       total 834048K, used 833957K [0x0000000080000000, 0x00000000b2e80000, 0x00000000d5580000)
  object space 834048K, 99% used [0x0000000080000000,0x00000000b2e69420,0x00000000b2e80000)
 Metaspace       used 81691K, committed 83328K, reserved 1179648K
  class space    used 8476K, committed 9216K, reserved 1048576K
}
Event: 102.695 GC heap before
{Heap before GC invocations=1210 (full 3):
 PSYoungGen      total 11264K, used 11165K [0x00000000d5580000, 0x00000000d6680000, 0x0000000100000000)
  eden space 10752K, 100% used [0x00000000d5580000,0x00000000d6000000,0x00000000d6000000)
  from space 512K, 80% used [0x00000000d6600000,0x00000000d6667678,0x00000000d6680000)
  to   space 512K, 0% used [0x00000000d6580000,0x00000000d6580000,0x00000000d6600000)
 ParOldGen       total 834048K, used 833957K [0x0000000080000000, 0x00000000b2e80000, 0x00000000d5580000)
  object space 834048K, 99% used [0x0000000080000000,0x00000000b2e69420,0x00000000b2e80000)
 Metaspace       used 82752K, committed 84352K, reserved 1179648K
  class space    used 8671K, committed 9344K, reserved 1048576K
}
Event: 102.697 GC heap after
{Heap after GC invocations=1210 (full 3):
 PSYoungGen      total 11264K, used 336K [0x00000000d5580000, 0x00000000d6680000, 0x0000000100000000)
  eden space 10752K, 0% used [0x00000000d5580000,0x00000000d5580000,0x00000000d6000000)
  from space 512K, 65% used [0x00000000d6580000,0x00000000d65d4010,0x00000000d6600000)
  to   space 512K, 0% used [0x00000000d6600000,0x00000000d6600000,0x00000000d6680000)
 ParOldGen       total 834560K, used 834272K [0x0000000080000000, 0x00000000b2f00000, 0x00000000d5580000)
  object space 834560K, 99% used [0x0000000080000000,0x00000000b2eb80b0,0x00000000b2f00000)
 Metaspace       used 82752K, committed 84352K, reserved 1179648K
  class space    used 8671K, committed 9344K, reserved 1048576K
}
Event: 141.712 GC heap before
{Heap before GC invocations=1211 (full 3):
 PSYoungGen      total 11264K, used 11088K [0x00000000d5580000, 0x00000000d6680000, 0x0000000100000000)
  eden space 10752K, 100% used [0x00000000d5580000,0x00000000d6000000,0x00000000d6000000)
  from space 512K, 65% used [0x00000000d6580000,0x00000000d65d4010,0x00000000d6600000)
  to   space 512K, 0% used [0x00000000d6600000,0x00000000d6600000,0x00000000d6680000)
 ParOldGen       total 834560K, used 834272K [0x0000000080000000, 0x00000000b2f00000, 0x00000000d5580000)
  object space 834560K, 99% used [0x0000000080000000,0x00000000b2eb80b0,0x00000000b2f00000)
 Metaspace       used 83234K, committed 84864K, reserved 1179648K
  class space    used 8730K, committed 9472K, reserved 1048576K
}
Event: 141.720 GC heap after
{Heap after GC invocations=1211 (full 3):
 PSYoungGen      total 11264K, used 452K [0x00000000d5580000, 0x00000000d6680000, 0x0000000100000000)
  eden space 10752K, 0% used [0x00000000d5580000,0x00000000d5580000,0x00000000d6000000)
  from space 512K, 88% used [0x00000000d6600000,0x00000000d6671210,0x00000000d6680000)
  to   space 512K, 0% used [0x00000000d6580000,0x00000000d6580000,0x00000000d6600000)
 ParOldGen       total 834560K, used 834456K [0x0000000080000000, 0x00000000b2f00000, 0x00000000d5580000)
  object space 834560K, 99% used [0x0000000080000000,0x00000000b2ee60e0,0x00000000b2f00000)
 Metaspace       used 83234K, committed 84864K, reserved 1179648K
  class space    used 8730K, committed 9472K, reserved 1048576K
}

Dll operation events (14 events):
Event: 0.012 Loaded shared library c:\Users\rm90928\.vscode\extensions\redhat.java-1.45.0-win32-x64\jre\21.0.8-win32-x86_64\bin\java.dll
Event: 0.106 Loaded shared library c:\Users\rm90928\.vscode\extensions\redhat.java-1.45.0-win32-x64\jre\21.0.8-win32-x86_64\bin\zip.dll
Event: 0.131 Loaded shared library C:\Users\rm90928\.vscode\extensions\redhat.java-1.45.0-win32-x64\jre\21.0.8-win32-x86_64\bin\instrument.dll
Event: 0.135 Loaded shared library C:\Users\rm90928\.vscode\extensions\redhat.java-1.45.0-win32-x64\jre\21.0.8-win32-x86_64\bin\net.dll
Event: 0.137 Loaded shared library C:\Users\rm90928\.vscode\extensions\redhat.java-1.45.0-win32-x64\jre\21.0.8-win32-x86_64\bin\nio.dll
Event: 0.140 Loaded shared library C:\Users\rm90928\.vscode\extensions\redhat.java-1.45.0-win32-x64\jre\21.0.8-win32-x86_64\bin\zip.dll
Event: 0.168 Loaded shared library C:\Users\rm90928\.vscode\extensions\redhat.java-1.45.0-win32-x64\jre\21.0.8-win32-x86_64\bin\jimage.dll
Event: 0.239 Loaded shared library c:\Users\rm90928\.vscode\extensions\redhat.java-1.45.0-win32-x64\jre\21.0.8-win32-x86_64\bin\verify.dll
Event: 3.476 Loaded shared library C:\Users\rm90928\AppData\Roaming\Code\User\globalStorage\redhat.java\1.45.0\config_win\org.eclipse.equinox.launcher\org.eclipse.equinox.launcher.win32.win32.x86_64_1.2.1400.v20250801-0854\eclipse_11916.dll
Event: 6.459 Loaded shared library C:\Users\rm90928\.vscode\extensions\redhat.java-1.45.0-win32-x64\jre\21.0.8-win32-x86_64\bin\management.dll
Event: 6.462 Loaded shared library C:\Users\rm90928\.vscode\extensions\redhat.java-1.45.0-win32-x64\jre\21.0.8-win32-x86_64\bin\management_ext.dll
Event: 15.080 Loaded shared library C:\Users\rm90928\AppData\Local\Temp\jna-1270909037\jna1376867246509631716.dll
Event: 15.483 Loaded shared library C:\Users\rm90928\.vscode\extensions\redhat.java-1.45.0-win32-x64\jre\21.0.8-win32-x86_64\bin\sunmscapi.dll
Event: 16.596 Loaded shared library C:\Users\rm90928\.vscode\extensions\redhat.java-1.45.0-win32-x64\jre\21.0.8-win32-x86_64\bin\extnet.dll

Deoptimization events (20 events):
Event: 355.855 Thread 0x000001a0e37d7500 Uncommon trap: trap_request=0xffffff66 fr.pc=0x000001a0d1f779b0 relative=0x0000000000001250
Event: 355.855 Thread 0x000001a0e37d7500 Uncommon trap: reason=speculate_class_check action=maybe_recompile pc=0x000001a0d1f779b0 method=org.eclipse.core.internal.dtree.AbstractDataTreeNode.assembleWith(Lorg/eclipse/core/internal/dtree/AbstractDataTreeNode;)Lorg/eclipse/core/internal/dtree/Abstr
Event: 355.855 Thread 0x000001a0e37d7500 DEOPT PACKING pc=0x000001a0d1f779b0 sp=0x0000008fc75feb90
Event: 355.855 Thread 0x000001a0e37d7500 DEOPT UNPACKING pc=0x000001a0d0ed3aa2 sp=0x0000008fc75feaf0 mode 2
Event: 355.856 Thread 0x000001a0e37d7500 Uncommon trap: trap_request=0xffffff66 fr.pc=0x000001a0d1f779b0 relative=0x0000000000001250
Event: 355.859 Thread 0x000001a0e37d7500 Uncommon trap: reason=speculate_class_check action=maybe_recompile pc=0x000001a0d1f779b0 method=org.eclipse.core.internal.dtree.AbstractDataTreeNode.assembleWith(Lorg/eclipse/core/internal/dtree/AbstractDataTreeNode;)Lorg/eclipse/core/internal/dtree/Abstr
Event: 355.859 Thread 0x000001a0e37d7500 DEOPT PACKING pc=0x000001a0d1f779b0 sp=0x0000008fc75feb90
Event: 355.859 Thread 0x000001a0e37d7500 DEOPT UNPACKING pc=0x000001a0d0ed3aa2 sp=0x0000008fc75feaf0 mode 2
Event: 356.487 Thread 0x000001a0e37d7500 Uncommon trap: trap_request=0xffffffc6 fr.pc=0x000001a0d2258e4c relative=0x000000000000328c
Event: 356.487 Thread 0x000001a0e37d7500 Uncommon trap: reason=bimorphic_or_optimized_type_check action=maybe_recompile pc=0x000001a0d2258e4c method=java.util.Properties.load0(Ljava/util/Properties$LineReader;)V @ 241 c2
Event: 356.487 Thread 0x000001a0e37d7500 DEOPT PACKING pc=0x000001a0d2258e4c sp=0x0000008fc75fec10
Event: 356.487 Thread 0x000001a0e37d7500 DEOPT UNPACKING pc=0x000001a0d0ed3aa2 sp=0x0000008fc75fec30 mode 2
Event: 360.865 Thread 0x000001a0e217a200 DEOPT PACKING pc=0x000001a0ca6ef594 sp=0x0000008fc84ff470
Event: 360.865 Thread 0x000001a0e217a200 DEOPT UNPACKING pc=0x000001a0d0ed4242 sp=0x0000008fc84fe930 mode 0
Event: 365.317 Thread 0x000001a0e217a890 DEOPT PACKING pc=0x000001a0ca6ef594 sp=0x0000008fc7dff030
Event: 365.317 Thread 0x000001a0e217a890 DEOPT UNPACKING pc=0x000001a0d0ed4242 sp=0x0000008fc7dfe4f0 mode 0
Event: 365.937 Thread 0x000001a0e2178130 DEOPT PACKING pc=0x000001a0ca6ef594 sp=0x0000008fc85fee10
Event: 365.937 Thread 0x000001a0e2178130 DEOPT UNPACKING pc=0x000001a0d0ed4242 sp=0x0000008fc85fe2d0 mode 0
Event: 366.283 Thread 0x000001a0e217af20 DEOPT PACKING pc=0x000001a0ca6ef594 sp=0x0000008fc86ff3f0
Event: 366.283 Thread 0x000001a0e217af20 DEOPT UNPACKING pc=0x000001a0d0ed4242 sp=0x0000008fc86fe8b0 mode 0

Classes loaded (20 events):
Event: 102.756 Loading class java/util/stream/SliceOps
Event: 102.757 Loading class java/util/stream/SliceOps done
Event: 102.758 Loading class java/util/stream/SliceOps$1
Event: 102.758 Loading class java/util/stream/SliceOps$1 done
Event: 102.763 Loading class java/util/stream/SliceOps$1$1
Event: 102.763 Loading class java/util/stream/SliceOps$1$1 done
Event: 102.772 Loading class java/util/concurrent/CompletableFuture$UniWhenComplete
Event: 102.772 Loading class java/util/concurrent/CompletableFuture$UniWhenComplete done
Event: 102.772 Loading class java/util/concurrent/CompletableFuture$UniCompose
Event: 102.772 Loading class java/util/concurrent/CompletableFuture$UniCompose done
Event: 102.772 Loading class java/util/concurrent/CompletableFuture$UniRelay
Event: 102.772 Loading class java/util/concurrent/CompletableFuture$UniRelay done
Event: 103.597 Loading class java/util/concurrent/ScheduledThreadPoolExecutor$DelayedWorkQueue$Itr
Event: 103.597 Loading class java/util/concurrent/ScheduledThreadPoolExecutor$DelayedWorkQueue$Itr done
Event: 106.641 Loading class java/lang/ProcessHandleImpl$ExitCompletion
Event: 106.641 Loading class java/lang/ProcessHandleImpl$ExitCompletion done
Event: 106.641 Loading class java/lang/ProcessHandleImpl$1
Event: 106.641 Loading class java/lang/ProcessHandleImpl$1 done
Event: 106.642 Loading class java/util/concurrent/CompletableFuture$UniHandle
Event: 106.642 Loading class java/util/concurrent/CompletableFuture$UniHandle done

Classes unloaded (7 events):
Event: 7.488 Thread 0x000001a0c681cc10 Unloading class 0x000001a0811b3000 'java/lang/invoke/LambdaForm$MH+0x000001a0811b3000'
Event: 7.488 Thread 0x000001a0c681cc10 Unloading class 0x000001a0811b2c00 'java/lang/invoke/LambdaForm$MH+0x000001a0811b2c00'
Event: 7.488 Thread 0x000001a0c681cc10 Unloading class 0x000001a0811b2800 'java/lang/invoke/LambdaForm$MH+0x000001a0811b2800'
Event: 7.488 Thread 0x000001a0c681cc10 Unloading class 0x000001a0811b2400 'java/lang/invoke/LambdaForm$MH+0x000001a0811b2400'
Event: 7.488 Thread 0x000001a0c681cc10 Unloading class 0x000001a0811b2000 'java/lang/invoke/LambdaForm$BMH+0x000001a0811b2000'
Event: 7.488 Thread 0x000001a0c681cc10 Unloading class 0x000001a0811b1c00 'java/lang/invoke/LambdaForm$DMH+0x000001a0811b1c00'
Event: 7.488 Thread 0x000001a0c681cc10 Unloading class 0x000001a0811b0800 'java/lang/invoke/LambdaForm$DMH+0x000001a0811b0800'

Classes redefined (0 events):
No events

Internal exceptions (20 events):
Event: 100.263 Thread 0x000001a0e217c2d0 Implicit null exception at 0x000001a0d1f8d362 to 0x000001a0d1f8e6cc
Event: 102.180 Thread 0x000001a0e217f750 Exception <a 'sun/nio/fs/WindowsException'{0x00000000d5fb9e58}> (0x00000000d5fb9e58) 
thrown [s\src\hotspot\share\prims\jni.cpp, line 520]
Event: 102.180 Thread 0x000001a0e217f750 Exception <a 'sun/nio/fs/WindowsException'{0x00000000d5fba738}> (0x00000000d5fba738) 
thrown [s\src\hotspot\share\prims\jni.cpp, line 520]
Event: 102.180 Thread 0x000001a0e217f750 Exception <a 'sun/nio/fs/WindowsException'{0x00000000d5fbb420}> (0x00000000d5fbb420) 
thrown [s\src\hotspot\share\prims\jni.cpp, line 520]
Event: 102.180 Thread 0x000001a0e217f750 Exception <a 'sun/nio/fs/WindowsException'{0x00000000d5fbbd00}> (0x00000000d5fbbd00) 
thrown [s\src\hotspot\share\prims\jni.cpp, line 520]
Event: 102.181 Thread 0x000001a0e217f750 Exception <a 'sun/nio/fs/WindowsException'{0x00000000d5fbd418}> (0x00000000d5fbd418) 
thrown [s\src\hotspot\share\prims\jni.cpp, line 520]
Event: 102.181 Thread 0x000001a0e217f750 Exception <a 'sun/nio/fs/WindowsException'{0x00000000d5fbda48}> (0x00000000d5fbda48) 
thrown [s\src\hotspot\share\prims\jni.cpp, line 520]
Event: 102.187 Thread 0x000001a0e217f750 Exception <a 'sun/nio/fs/WindowsException'{0x00000000d5fdc2b8}> (0x00000000d5fdc2b8) 
thrown [s\src\hotspot\share\prims\jni.cpp, line 520]
Event: 102.187 Thread 0x000001a0e217f750 Exception <a 'sun/nio/fs/WindowsException'{0x00000000d5fdcb98}> (0x00000000d5fdcb98) 
thrown [s\src\hotspot\share\prims\jni.cpp, line 520]
Event: 102.523 Thread 0x000001a0e37db010 Exception <a 'java/io/FileNotFoundException'{0x00000000d587e6b8}> (0x00000000d587e6b8) 
thrown [s\src\hotspot\share\prims\jni.cpp, line 520]
Event: 102.642 Thread 0x000001a0e37db010 Exception <a 'java/lang/NoSuchMethodError'{0x00000000d5ca4fb0}: 'java.lang.Object java.lang.invoke.DirectMethodHandle$Holder.invokeVirtual(java.lang.Object, java.lang.Object, java.lang.Object, java.lang.Object)'> (0x00000000d5ca4fb0) 
thrown [s\src\hotspot\share\interpreter\linkResolver.cpp, line 773]
Event: 102.737 Thread 0x000001a0e2e8fd90 Exception <a 'java/lang/NoSuchMethodError'{0x00000000d56290d0}: 'java.lang.Object java.lang.invoke.DirectMethodHandle$Holder.invokeStatic(java.lang.Object, long, java.lang.Object, java.lang.Object)'> (0x00000000d56290d0) 
thrown [s\src\hotspot\share\interpreter\linkResolver.cpp, line 773]
Event: 102.750 Thread 0x000001a0e2e8fd90 Exception <a 'sun/nio/fs/WindowsException'{0x00000000d56ed070}> (0x00000000d56ed070) 
thrown [s\src\hotspot\share\prims\jni.cpp, line 520]
Event: 102.750 Thread 0x000001a0e2e8fd90 Exception <a 'sun/nio/fs/WindowsException'{0x00000000d56ee0b0}> (0x00000000d56ee0b0) 
thrown [s\src\hotspot\share\prims\jni.cpp, line 520]
Event: 102.771 Thread 0x000001a0e2e8fd90 Exception <a 'java/lang/NoSuchMethodError'{0x00000000d5789648}: 'void java.lang.invoke.DirectMethodHandle$Holder.invokeStatic(java.lang.Object, java.lang.Object, java.lang.Object, java.lang.Object, java.lang.Object, java.lang.Object, java.lang.Object)'> (0x00000000d5789648) 
thrown [s\src\hotspot\share\interpreter\linkResolver.cpp, line 773]
Event: 106.421 Thread 0x000001a0e2438260 Exception <a 'java/lang/NoSuchMethodError'{0x00000000d5801fa8}: 'long java.lang.invoke.DelegatingMethodHandle$Holder.reinvoke_L(java.lang.Object, java.lang.Object)'> (0x00000000d5801fa8) 
thrown [s\src\hotspot\share\interpreter\linkResolver.cpp, line 773]
Event: 106.423 Thread 0x000001a0e2438260 Exception <a 'java/lang/NoSuchMethodError'{0x00000000d580bf90}: 'void java.lang.invoke.DelegatingMethodHandle$Holder.reinvoke_L(java.lang.Object, java.lang.Object, long)'> (0x00000000d580bf90) 
thrown [s\src\hotspot\share\interpreter\linkResolver.cpp, line 773]
Event: 106.643 Thread 0x000001a0e2438260 Exception <a 'java/lang/NoSuchMethodError'{0x00000000d58f1790}: 'long java.lang.invoke.Invokers$Holder.invokeExact_MT(java.lang.Object, java.lang.Object, java.lang.Object)'> (0x00000000d58f1790) 
thrown [s\src\hotspot\share\interpreter\linkResolver.cpp, line 773]
Event: 355.404 Thread 0x000001a0e37d7500 Exception <a 'sun/nio/fs/WindowsException'{0x00000000d58c9a30}> (0x00000000d58c9a30) 
thrown [s\src\hotspot\share\prims\jni.cpp, line 520]
Event: 355.411 Thread 0x000001a0e37d7500 Exception <a 'sun/nio/fs/WindowsException'{0x00000000d58ca598}> (0x00000000d58ca598) 
thrown [s\src\hotspot\share\prims\jni.cpp, line 520]

ZGC Phase Switch (0 events):
No events

VM Operations (20 events):
Event: 188.672 Executing VM operation: Cleanup
Event: 188.672 Executing VM operation: Cleanup done
Event: 289.451 Executing VM operation: Cleanup
Event: 289.451 Executing VM operation: Cleanup done
Event: 311.653 Executing VM operation: Cleanup
Event: 312.064 Executing VM operation: Cleanup done
Event: 327.081 Executing VM operation: Cleanup
Event: 327.081 Executing VM operation: Cleanup done
Event: 356.095 Executing VM operation: Cleanup
Event: 356.474 Executing VM operation: Cleanup done
Event: 356.474 Executing VM operation: HandshakeAllThreads (Deoptimize)
Event: 356.476 Executing VM operation: HandshakeAllThreads (Deoptimize) done
Event: 357.480 Executing VM operation: Cleanup
Event: 357.480 Executing VM operation: Cleanup done
Event: 361.000 Executing VM operation: HandshakeAllThreads (HandshakeForDeflation)
Event: 361.001 Executing VM operation: HandshakeAllThreads (HandshakeForDeflation) done
Event: 361.001 Executing VM operation: RendezvousGCThreads
Event: 361.001 Executing VM operation: RendezvousGCThreads done
Event: 590.855 Executing VM operation: Cleanup
Event: 590.856 Executing VM operation: Cleanup done

Memory protections (0 events):
No events

Nmethod flushes (20 events):
Event: 43.670 Thread 0x000001a0c681cc10 flushing  nmethod 0x000001a0ca30c890
Event: 43.670 Thread 0x000001a0c681cc10 flushing  nmethod 0x000001a0ca30ef90
Event: 43.670 Thread 0x000001a0c681cc10 flushing  nmethod 0x000001a0ca31d810
Event: 43.670 Thread 0x000001a0c681cc10 flushing  nmethod 0x000001a0ca321290
Event: 43.670 Thread 0x000001a0c681cc10 flushing  nmethod 0x000001a0ca33a690
Event: 43.670 Thread 0x000001a0c681cc10 flushing  nmethod 0x000001a0ca357410
Event: 43.670 Thread 0x000001a0c681cc10 flushing  nmethod 0x000001a0ca357890
Event: 43.670 Thread 0x000001a0c681cc10 flushing  nmethod 0x000001a0ca35dd90
Event: 43.670 Thread 0x000001a0c681cc10 flushing  nmethod 0x000001a0ca35e310
Event: 43.670 Thread 0x000001a0c681cc10 flushing  nmethod 0x000001a0ca35f890
Event: 43.670 Thread 0x000001a0c681cc10 flushing osr nmethod 0x000001a0ca379f10
Event: 43.670 Thread 0x000001a0c681cc10 flushing  nmethod 0x000001a0ca396490
Event: 43.670 Thread 0x000001a0c681cc10 flushing  nmethod 0x000001a0ca399210
Event: 43.670 Thread 0x000001a0c681cc10 flushing  nmethod 0x000001a0ca399610
Event: 43.670 Thread 0x000001a0c681cc10 flushing  nmethod 0x000001a0ca39aa10
Event: 43.670 Thread 0x000001a0c681cc10 flushing  nmethod 0x000001a0ca39b010
Event: 43.670 Thread 0x000001a0c681cc10 flushing  nmethod 0x000001a0ca39b890
Event: 43.670 Thread 0x000001a0c681cc10 flushing  nmethod 0x000001a0ca3a0e10
Event: 43.670 Thread 0x000001a0c681cc10 flushing  nmethod 0x000001a0ca3bb290
Event: 43.670 Thread 0x000001a0c681cc10 flushing  nmethod 0x000001a0ca3de910

Events (20 events):
Event: 160.813 Thread 0x000001a0e2e8f700 Thread exited: 0x000001a0e2e8f700
Event: 161.208 Thread 0x000001a0e37dd770 Thread exited: 0x000001a0e37dd770
Event: 185.865 Thread 0x000001a0e217dd10 Thread exited: 0x000001a0e217dd10
Event: 202.763 Thread 0x000001a0e217f750 Thread exited: 0x000001a0e217f750
Event: 245.914 Thread 0x000001a0e217d680 Thread exited: 0x000001a0e217d680
Event: 262.862 Thread 0x000001a0e217c2d0 Thread exited: 0x000001a0e217c2d0
Event: 306.037 Thread 0x000001a0e217cff0 Thread exited: 0x000001a0e217cff0
Event: 322.884 Thread 0x000001a0e21787c0 Thread exited: 0x000001a0e21787c0
Event: 355.427 Thread 0x000001a0e37d7500 Thread added: 0x000001a0e24340c0
Event: 355.458 Thread 0x000001a0e24340c0 Thread exited: 0x000001a0e24340c0
Event: 355.795 Thread 0x000001a0e37d7500 Thread added: 0x000001a0e2437bd0
Event: 355.849 Thread 0x000001a0e2437bd0 Thread exited: 0x000001a0e2437bd0
Event: 360.867 Thread 0x000001a0e217a200 Thread exited: 0x000001a0e217a200
Event: 362.208 Thread 0x000001a0e37dde00 Thread added: 0x000001a0e2437540
Event: 365.318 Thread 0x000001a0e217a890 Thread exited: 0x000001a0e217a890
Event: 365.940 Thread 0x000001a0e2178130 Thread exited: 0x000001a0e2178130
Event: 366.284 Thread 0x000001a0e217af20 Thread exited: 0x000001a0e217af20
Event: 422.251 Thread 0x000001a0e2437540 Thread exited: 0x000001a0e2437540
Event: 590.484 Thread 0x000001a0e37dde00 Thread added: 0x000001a0e2436820
Event: 650.638 Thread 0x000001a0e2436820 Thread exited: 0x000001a0e2436820


Dynamic libraries:
0x00007ff7813a0000 - 0x00007ff7813ae000 	c:\Users\rm90928\.vscode\extensions\redhat.java-1.45.0-win32-x64\jre\21.0.8-win32-x86_64\bin\java.exe
0x00007ffa4f190000 - 0x00007ffa4f388000 	C:\Windows\SYSTEM32\ntdll.dll
0x00007ffa4dee0000 - 0x00007ffa4dfa2000 	C:\Windows\System32\KERNEL32.DLL
0x00007ffa4c9a0000 - 0x00007ffa4cc96000 	C:\Windows\System32\KERNELBASE.dll
0x00007ffa49670000 - 0x00007ffa49704000 	C:\Windows\SYSTEM32\apphelp.dll
0x00007ffa4cdf0000 - 0x00007ffa4cef0000 	C:\Windows\System32\ucrtbase.dll
0x00007ffa41ef0000 - 0x00007ffa41f08000 	c:\Users\rm90928\.vscode\extensions\redhat.java-1.45.0-win32-x64\jre\21.0.8-win32-x86_64\bin\jli.dll
0x00007ffa4efb0000 - 0x00007ffa4f14d000 	C:\Windows\System32\USER32.dll
0x00007ffa4c970000 - 0x00007ffa4c992000 	C:\Windows\System32\win32u.dll
0x00007ffa4d2f0000 - 0x00007ffa4d31b000 	C:\Windows\System32\GDI32.dll
0x00007ffa4cef0000 - 0x00007ffa4d009000 	C:\Windows\System32\gdi32full.dll
0x00007ffa4cd50000 - 0x00007ffa4cded000 	C:\Windows\System32\msvcp_win.dll
0x00007ffa3d470000 - 0x00007ffa3d48e000 	c:\Users\rm90928\.vscode\extensions\redhat.java-1.45.0-win32-x64\jre\21.0.8-win32-x86_64\bin\VCRUNTIME140.dll
0x00007ffa3aef0000 - 0x00007ffa3b18b000 	C:\Windows\WinSxS\amd64_microsoft.windows.common-controls_6595b64144ccf1df_6.0.19041.6280_none_60bc30a171f2f3f3\COMCTL32.dll
0x00007ffa4e010000 - 0x00007ffa4e0ae000 	C:\Windows\System32\msvcrt.dll
0x00007ffa4ddf0000 - 0x00007ffa4de1f000 	C:\Windows\System32\IMM32.DLL
0x00007ffa49450000 - 0x00007ffa4945c000 	c:\Users\rm90928\.vscode\extensions\redhat.java-1.45.0-win32-x64\jre\21.0.8-win32-x86_64\bin\vcruntime140_1.dll
0x00007ff9d0d00000 - 0x00007ff9d0d8d000 	c:\Users\rm90928\.vscode\extensions\redhat.java-1.45.0-win32-x64\jre\21.0.8-win32-x86_64\bin\msvcp140.dll
0x00007ff9cb010000 - 0x00007ff9cbda7000 	c:\Users\rm90928\.vscode\extensions\redhat.java-1.45.0-win32-x64\jre\21.0.8-win32-x86_64\bin\server\jvm.dll
0x00007ffa4de20000 - 0x00007ffa4ded1000 	C:\Windows\System32\ADVAPI32.dll
0x00007ffa4ee60000 - 0x00007ffa4eeff000 	C:\Windows\System32\sechost.dll
0x00007ffa4e800000 - 0x00007ffa4e920000 	C:\Windows\System32\RPCRT4.dll
0x00007ffa4c8c0000 - 0x00007ffa4c8e7000 	C:\Windows\System32\bcrypt.dll
0x00007ffa4e650000 - 0x00007ffa4e6bb000 	C:\Windows\System32\WS2_32.dll
0x00007ffa4c5e0000 - 0x00007ffa4c62b000 	C:\Windows\SYSTEM32\POWRPROF.dll
0x00007ffa3ab40000 - 0x00007ffa3ab67000 	C:\Windows\SYSTEM32\WINMM.dll
0x00007ffa47240000 - 0x00007ffa4724a000 	C:\Windows\SYSTEM32\VERSION.dll
0x00007ffa4c5c0000 - 0x00007ffa4c5d2000 	C:\Windows\SYSTEM32\UMPDC.dll
0x00007ffa4a3a0000 - 0x00007ffa4a3b2000 	C:\Windows\SYSTEM32\kernel.appcore.dll
0x00007ffa459b0000 - 0x00007ffa459ba000 	c:\Users\rm90928\.vscode\extensions\redhat.java-1.45.0-win32-x64\jre\21.0.8-win32-x86_64\bin\jimage.dll
0x00007ffa3ace0000 - 0x00007ffa3aee1000 	C:\Windows\SYSTEM32\DBGHELP.DLL
0x00007ffa38780000 - 0x00007ffa387b4000 	C:\Windows\SYSTEM32\dbgcore.DLL
0x00007ffa4c830000 - 0x00007ffa4c8b2000 	C:\Windows\System32\bcryptPrimitives.dll
0x00007ffa41ee0000 - 0x00007ffa41eef000 	c:\Users\rm90928\.vscode\extensions\redhat.java-1.45.0-win32-x64\jre\21.0.8-win32-x86_64\bin\instrument.dll
0x00007ffa3d130000 - 0x00007ffa3d14f000 	c:\Users\rm90928\.vscode\extensions\redhat.java-1.45.0-win32-x64\jre\21.0.8-win32-x86_64\bin\java.dll
0x00007ffa4d320000 - 0x00007ffa4da90000 	C:\Windows\System32\SHELL32.dll
0x00007ffa4a5a0000 - 0x00007ffa4ad45000 	C:\Windows\SYSTEM32\windows.storage.dll
0x00007ffa4e270000 - 0x00007ffa4e5c3000 	C:\Windows\System32\combase.dll
0x00007ffa4c0b0000 - 0x00007ffa4c0db000 	C:\Windows\SYSTEM32\Wldp.dll
0x00007ffa4daf0000 - 0x00007ffa4dbbd000 	C:\Windows\System32\OLEAUT32.dll
0x00007ffa4ef00000 - 0x00007ffa4efad000 	C:\Windows\System32\SHCORE.dll
0x00007ffa4dfb0000 - 0x00007ffa4e00b000 	C:\Windows\System32\shlwapi.dll
0x00007ffa4c760000 - 0x00007ffa4c784000 	C:\Windows\SYSTEM32\profapi.dll
0x00007ffa3d110000 - 0x00007ffa3d128000 	c:\Users\rm90928\.vscode\extensions\redhat.java-1.45.0-win32-x64\jre\21.0.8-win32-x86_64\bin\zip.dll
0x00007ffa3d460000 - 0x00007ffa3d470000 	C:\Users\rm90928\.vscode\extensions\redhat.java-1.45.0-win32-x64\jre\21.0.8-win32-x86_64\bin\net.dll
0x00007ffa4b750000 - 0x00007ffa4b85a000 	C:\Windows\SYSTEM32\WINHTTP.dll
0x00007ffa4be90000 - 0x00007ffa4befa000 	C:\Windows\system32\mswsock.dll
0x00007ffa3d0f0000 - 0x00007ffa3d106000 	C:\Users\rm90928\.vscode\extensions\redhat.java-1.45.0-win32-x64\jre\21.0.8-win32-x86_64\bin\nio.dll
0x00007ffa3d0e0000 - 0x00007ffa3d0f0000 	c:\Users\rm90928\.vscode\extensions\redhat.java-1.45.0-win32-x64\jre\21.0.8-win32-x86_64\bin\verify.dll
0x00007ffa3a260000 - 0x00007ffa3a2a4000 	C:\Users\rm90928\AppData\Roaming\Code\User\globalStorage\redhat.java\1.45.0\config_win\org.eclipse.equinox.launcher\org.eclipse.equinox.launcher.win32.win32.x86_64_1.2.1400.v20250801-0854\eclipse_11916.dll
0x00007ffa4d1c0000 - 0x00007ffa4d2eb000 	C:\Windows\System32\ole32.dll
0x00007ffa3b940000 - 0x00007ffa3b94a000 	C:\Users\rm90928\.vscode\extensions\redhat.java-1.45.0-win32-x64\jre\21.0.8-win32-x86_64\bin\management.dll
0x00007ffa3b930000 - 0x00007ffa3b93b000 	C:\Users\rm90928\.vscode\extensions\redhat.java-1.45.0-win32-x64\jre\21.0.8-win32-x86_64\bin\management_ext.dll
0x00007ffa4e0b0000 - 0x00007ffa4e0b8000 	C:\Windows\System32\PSAPI.DLL
0x00007ffa4c0f0000 - 0x00007ffa4c108000 	C:\Windows\SYSTEM32\CRYPTSP.dll
0x00007ffa4b6c0000 - 0x00007ffa4b6f8000 	C:\Windows\system32\rsaenh.dll
0x00007ffa4c6e0000 - 0x00007ffa4c70e000 	C:\Windows\SYSTEM32\USERENV.dll
0x00007ffa4c020000 - 0x00007ffa4c02c000 	C:\Windows\SYSTEM32\CRYPTBASE.dll
0x00007ffa4bb90000 - 0x00007ffa4bbcb000 	C:\Windows\SYSTEM32\IPHLPAPI.DLL
0x00007ffa4dbc0000 - 0x00007ffa4dbc8000 	C:\Windows\System32\NSI.dll
0x00007ff9df4b0000 - 0x00007ff9df4f9000 	C:\Users\rm90928\AppData\Local\Temp\jna-1270909037\jna1376867246509631716.dll
0x00007ffa47220000 - 0x00007ffa47237000 	C:\Windows\SYSTEM32\dhcpcsvc6.DLL
0x00007ffa471e0000 - 0x00007ffa471fd000 	C:\Windows\SYSTEM32\dhcpcsvc.DLL
0x00007ffa38230000 - 0x00007ffa3823e000 	C:\Users\rm90928\.vscode\extensions\redhat.java-1.45.0-win32-x64\jre\21.0.8-win32-x86_64\bin\sunmscapi.dll
0x00007ffa4d010000 - 0x00007ffa4d16d000 	C:\Windows\System32\CRYPT32.dll
0x00007ffa4c200000 - 0x00007ffa4c227000 	C:\Windows\SYSTEM32\ncrypt.dll
0x00007ffa4c1c0000 - 0x00007ffa4c1fb000 	C:\Windows\SYSTEM32\NTASN1.dll
0x00007ffa4bbd0000 - 0x00007ffa4bc9a000 	C:\Windows\SYSTEM32\DNSAPI.dll
0x00007ffa3c960000 - 0x00007ffa3c96a000 	C:\Windows\System32\rasadhlp.dll
0x00007ffa475a0000 - 0x00007ffa47620000 	C:\Windows\System32\fwpuclnt.dll
0x00007ffa2aef0000 - 0x00007ffa2aef9000 	C:\Users\rm90928\.vscode\extensions\redhat.java-1.45.0-win32-x64\jre\21.0.8-win32-x86_64\bin\extnet.dll

JVMTI agents:
c:\Users\rm90928\.vscode\extensions\redhat.java-1.45.0-win32-x64\lombok\lombok-1.18.39-4050.jar path:c:\Users\rm90928\.vscode\extensions\redhat.java-1.45.0-win32-x64\jre\21.0.8-win32-x86_64\bin\instrument.dll, loaded, initialized, instrumentlib options:none

dbghelp: loaded successfully - version: 4.0.5 - missing functions: none
symbol engine: initialized successfully - sym options: 0x614 - pdb path: .;c:\Users\rm90928\.vscode\extensions\redhat.java-1.45.0-win32-x64\jre\21.0.8-win32-x86_64\bin;C:\Windows\SYSTEM32;C:\Windows\WinSxS\amd64_microsoft.windows.common-controls_6595b64144ccf1df_6.0.19041.6280_none_60bc30a171f2f3f3;c:\Users\rm90928\.vscode\extensions\redhat.java-1.45.0-win32-x64\jre\21.0.8-win32-x86_64\bin\server;C:\Users\rm90928\AppData\Roaming\Code\User\globalStorage\redhat.java\1.45.0\config_win\org.eclipse.equinox.launcher\org.eclipse.equinox.launcher.win32.win32.x86_64_1.2.1400.v20250801-0854;C:\Users\rm90928\AppData\Local\Temp\jna-1270909037

VM Arguments:
jvm_args: --add-modules=ALL-SYSTEM --add-opens=java.base/java.util=ALL-UNNAMED --add-opens=java.base/java.lang=ALL-UNNAMED --add-opens=java.base/sun.nio.fs=ALL-UNNAMED -Declipse.application=org.eclipse.jdt.ls.core.id1 -Dosgi.bundles.defaultStartLevel=4 -Declipse.product=org.eclipse.jdt.ls.core.product -Djava.import.generatesMetadataFilesAtProjectRoot=false -DDetectVMInstallationsJob.disabled=true -Dfile.encoding=utf8 -XX:+UseParallelGC -XX:GCTimeRatio=4 -XX:AdaptiveSizePolicyWeight=90 -Dsun.zip.disableMemoryMapping=true -Xmx2G -Xms100m -Xlog:disable -javaagent:c:\Users\rm90928\.vscode\extensions\redhat.java-1.45.0-win32-x64\lombok\lombok-1.18.39-4050.jar -XX:+HeapDumpOnOutOfMemoryError -XX:HeapDumpPath=c:\Users\rm90928\AppData\Roaming\Code\User\workspaceStorage\189ed794e3443152a0ef93d21f05718f\redhat.java -Daether.dependencyCollector.impl=bf 
java_command: c:\Users\rm90928\.vscode\extensions\redhat.java-1.45.0-win32-x64\server\plugins\org.eclipse.equinox.launcher_1.7.0.v20250519-0528.jar -configuration c:\Users\rm90928\AppData\Roaming\Code\User\globalStorage\redhat.java\1.45.0\config_win -data c:\Users\rm90928\AppData\Roaming\Code\User\workspaceStorage\189ed794e3443152a0ef93d21f05718f\redhat.java\jdt_ws --pipe=\\.\pipe\lsp-5d5ef5d60d4bdb115d071c0fc86234b0-sock
java_class_path (initial): c:\Users\rm90928\.vscode\extensions\redhat.java-1.45.0-win32-x64\server\plugins\org.eclipse.equinox.launcher_1.7.0.v20250519-0528.jar
Launcher Type: SUN_STANDARD

[Global flags]
    uintx AdaptiveSizePolicyWeight                 = 90                                        {product} {command line}
     intx CICompilerCount                          = 3                                         {product} {ergonomic}
    uintx GCTimeRatio                              = 4                                         {product} {command line}
     bool HeapDumpOnOutOfMemoryError               = true                                   {manageable} {command line}
    ccstr HeapDumpPath                             = c:\Users\rm90928\AppData\Roaming\Code\User\workspaceStorage\189ed794e3443152a0ef93d21f05718f\redhat.java         {manageable} {command line}
   size_t InitialHeapSize                          = 104857600                                 {product} {command line}
   size_t MaxHeapSize                              = 2147483648                                {product} {command line}
   size_t MaxNewSize                               = 715653120                                 {product} {ergonomic}
   size_t MinHeapDeltaBytes                        = 524288                                    {product} {ergonomic}
   size_t MinHeapSize                              = 104857600                                 {product} {command line}
   size_t NewSize                                  = 34603008                                  {product} {ergonomic}
    uintx NonNMethodCodeHeapSize                   = 5832780                                {pd product} {ergonomic}
    uintx NonProfiledCodeHeapSize                  = 122912730                              {pd product} {ergonomic}
   size_t OldSize                                  = 70254592                                  {product} {ergonomic}
    uintx ProfiledCodeHeapSize                     = 122912730                              {pd product} {ergonomic}
    uintx ReservedCodeCacheSize                    = 251658240                              {pd product} {ergonomic}
     bool SegmentedCodeCache                       = true                                      {product} {ergonomic}
   size_t SoftMaxHeapSize                          = 2147483648                             {manageable} {ergonomic}
     bool UseCompressedOops                        = true                           {product lp64_product} {ergonomic}
     bool UseLargePagesIndividualAllocation        = false                                  {pd product} {ergonomic}
     bool UseParallelGC                            = true                                      {product} {command line}

Logging:
Log output configuration:
 #0: stdout all=off uptime,level,tags foldmultilines=false
 #1: stderr all=off uptime,level,tags foldmultilines=false

Environment Variables:
JAVA_HOME=C:\Program Files\Java\jdk-17
PATH=C:\Program Files\Java\jdk-17\bin;C:\Program Files\Eclipse Adoptium\jdk-17.0.8.101-hotspot\bin;C:\Program Files\Python310\Scripts\;C:\Program Files\Python310\;C:\Program Files\Common Files\Oracle\Java\javapath;C:\Program Files (x86)\Common Files\Oracle\Java\javapath;C:\Windows\system32;C:\Windows;C:\Windows\System32\Wbem;C:\Windows\System32\WindowsPowerShell\v1.0\;C:\Windows\System32\OpenSSH\;D:\src\flutter\bin;C:\ProgramData\UNIVALI\Portugol Studio;C:\Program Files\Microsoft SQL Server\Client SDK\ODBC\130\Tools\Binn\;C:\Program Files\Microsoft SQL Server\Client SDK\ODBC\170\Tools\Binn\;C:\Program Files\MongoDB\Server\6.0\bin;C:\Program Files\Docker\Docker\resources\bin;C:\Program Files (x86)\Microsoft SQL Server\160\DTS\Binn\;C:\Program Files (x86)\Microsoft SQL Server\150\Tools\Binn\;C:\Program Files\Microsoft SQL Server\150\Tools\Binn\;C:\Program Files\Microsoft SQL Server\150\DTS\Binn\;C:\Program Files\nodejs\;C:\Program Files\Git\cmd;C:\Program Files\Microsoft VS Code\bin;C:\Users\rm90928\AppData\Local\Microsoft\WindowsApps;
USERNAME=rm90928
OS=Windows_NT
PROCESSOR_IDENTIFIER=Intel64 Family 6 Model 158 Stepping 9, GenuineIntel
TMP=C:\Users\rm90928\AppData\Local\Temp
TEMP=C:\Users\rm90928\AppData\Local\Temp




Periodic native trim disabled

---------------  S Y S T E M  ---------------

OS:
 Windows 10 , 64 bit Build 19041 (10.0.19041.5915)
OS uptime: 0 days 13:56 hours
Hyper-V role detected

CPU: total 4 (initial active 4) (4 cores per cpu, 1 threads per core) family 6 model 158 stepping 9 microcode 0xf6, cx8, cmov, fxsr, mmx, 3dnowpref, sse, sse2, sse3, ssse3, sse4.1, sse4.2, popcnt, lzcnt, tsc, tscinvbit, avx, avx2, aes, erms, clmul, bmi1, bmi2, rtm, adx, fma, vzeroupper, clflush, clflushopt, hv, rdtscp, f16c
Processor Information for the first 4 processors :
  Max Mhz: 3408, Current Mhz: 3408, Mhz Limit: 3408

Memory: 4k page, system-wide physical 16267M (119M free)
TotalPageFile size 32267M (AvailPageFile size 64M)
current process WorkingSet (physical memory assigned to process): 18M, peak: 1243M
current process commit charge ("private bytes"): 1130M, peak: 1192M

vm_info: OpenJDK 64-Bit Server VM (21.0.8+9-LTS) for windows-amd64 JRE (21.0.8+9-LTS), built on 2025-07-15T00:00:00Z by "admin" with MS VC++ 17.7 (VS2022)

END.
